# JRE version: OpenJDK Runtime Environment (11.0.10) (build 11.0.10+0-b96-7249189)
# Java VM: OpenJDK 64-Bit Server VM (11.0.10+0-b96-7249189, mixed mode, tiered, compressed oops, g1 gc, windows-amd64)
Heap:
 garbage-first heap   total 260096K, used 120732K [0x0000000080000000, 0x0000000100000000)
  region size 1024K, 58 young (59392K), 17 survivors (17408K)
 Metaspace       used 97570K, capacity 100023K, committed 100300K, reserved 1136640K
  class space    used 12270K, capacity 13163K, committed 13260K, reserved 1048576K
GC Heap History (20 events):
Event: 1.611 GC heap before
{Heap before GC invocations=1 (full 0):
 garbage-first heap   total 260096K, used 105270K [0x0000000080000000, 0x0000000100000000)
  region size 1024K, 98 young (100352K), 3 survivors (3072K)
 Metaspace       used 20595K, capacity 21118K, committed 21248K, reserved 1067008K
  class space    used 2519K, capacity 2720K, committed 2816K, reserved 1048576K
}
Event: 1.616 GC heap after
{Heap after GC invocations=2 (full 0):
 garbage-first heap   total 260096K, used 16378K [0x0000000080000000, 0x0000000100000000)
  region size 1024K, 11 young (11264K), 11 survivors (11264K)
 Metaspace       used 20595K, capacity 21118K, committed 21248K, reserved 1067008K
  class space    used 2519K, capacity 2720K, committed 2816K, reserved 1048576K
}
Event: 1.760 GC heap before
{Heap before GC invocations=3 (full 0):
 garbage-first heap   total 260096K, used 37882K [0x0000000080000000, 0x0000000100000000)
  region size 1024K, 32 young (32768K), 11 survivors (11264K)
 Metaspace       used 22269K, capacity 22832K, committed 23040K, reserved 1069056K
  class space    used 2840K, capacity 3040K, committed 3072K, reserved 1048576K
}
Event: 1.764 GC heap after
{Heap after GC invocations=4 (full 0):
 garbage-first heap   total 260096K, used 18009K [0x0000000080000000, 0x0000000100000000)
  region size 1024K, 1 young (1024K), 1 survivors (1024K)
 Metaspace       used 22269K, capacity 22832K, committed 23040K, reserved 1069056K
  class space    used 2840K, capacity 3040K, committed 3072K, reserved 1048576K
}
Event: 2.683 GC heap before
{Heap before GC invocations=4 (full 0):
 garbage-first heap   total 260096K, used 107097K [0x0000000080000000, 0x0000000100000000)
  region size 1024K, 90 young (92160K), 1 survivors (1024K)
 Metaspace       used 35021K, capacity 35830K, committed 35840K, reserved 1081344K
  class space    used 4538K, capacity 4864K, committed 4864K, reserved 1048576K
}
Event: 2.691 GC heap after
{Heap after GC invocations=5 (full 0):
 garbage-first heap   total 260096K, used 22488K [0x0000000080000000, 0x0000000100000000)
  region size 1024K, 6 young (6144K), 6 survivors (6144K)
 Metaspace       used 35021K, capacity 35830K, committed 35840K, reserved 1081344K
  class space    used 4538K, capacity 4864K, committed 4864K, reserved 1048576K
}
Event: 3.686 GC heap before
{Heap before GC invocations=6 (full 0):
 garbage-first heap   total 260096K, used 147416K [0x0000000080000000, 0x0000000100000000)
  region size 1024K, 125 young (128000K), 6 survivors (6144K)
 Metaspace       used 44864K, capacity 45997K, committed 46156K, reserved 1089536K
  class space    used 5771K, capacity 6155K, committed 6220K, reserved 1048576K
}
Event: 3.691 GC heap after
{Heap after GC invocations=7 (full 0):
 garbage-first heap   total 260096K, used 29751K [0x0000000080000000, 0x0000000100000000)
  region size 1024K, 13 young (13312K), 13 survivors (13312K)
 Metaspace       used 44864K, capacity 45997K, committed 46156K, reserved 1089536K
  class space    used 5771K, capacity 6155K, committed 6220K, reserved 1048576K
}
Event: 9.512 GC heap before
{Heap before GC invocations=7 (full 0):
 garbage-first heap   total 260096K, used 162871K [0x0000000080000000, 0x0000000100000000)
  region size 1024K, 141 young (144384K), 13 survivors (13312K)
 Metaspace       used 58414K, capacity 59993K, committed 60236K, reserved 1101824K
  class space    used 7423K, capacity 7982K, committed 8012K, reserved 1048576K
}
Event: 9.534 GC heap after
{Heap after GC invocations=8 (full 0):
 garbage-first heap   total 260096K, used 44179K [0x0000000080000000, 0x0000000100000000)
  region size 1024K, 18 young (18432K), 18 survivors (18432K)
 Metaspace       used 58414K, capacity 59993K, committed 60236K, reserved 1101824K
  class space    used 7423K, capacity 7982K, committed 8012K, reserved 1048576K
}
Event: 10.693 GC heap before
{Heap before GC invocations=9 (full 0):
 garbage-first heap   total 260096K, used 181395K [0x0000000080000000, 0x0000000100000000)
  region size 1024K, 152 young (155648K), 18 survivors (18432K)
 Metaspace       used 70566K, capacity 72291K, committed 72652K, reserved 1112064K
  class space    used 9191K, capacity 9817K, committed 9932K, reserved 1048576K
}
Event: 10.704 GC heap after
{Heap after GC invocations=10 (full 0):
 garbage-first heap   total 260096K, used 54639K [0x0000000080000000, 0x0000000100000000)
  region size 1024K, 11 young (11264K), 11 survivors (11264K)
 Metaspace       used 70566K, capacity 72291K, committed 72652K, reserved 1112064K
  class space    used 9191K, capacity 9817K, committed 9932K, reserved 1048576K
}
Event: 12.436 GC heap before
{Heap before GC invocations=10 (full 0):
 garbage-first heap   total 260096K, used 192879K [0x0000000080000000, 0x0000000100000000)
  region size 1024K, 147 young (150528K), 11 survivors (11264K)
 Metaspace       used 79360K, capacity 81564K, committed 81740K, reserved 1120256K
  class space    used 10437K, capacity 11261K, committed 11340K, reserved 1048576K
}
Event: 12.445 GC heap after
{Heap after GC invocations=11 (full 0):
 garbage-first heap   total 260096K, used 64635K [0x0000000080000000, 0x0000000100000000)
  region size 1024K, 10 young (10240K), 10 survivors (10240K)
 Metaspace       used 79360K, capacity 81564K, committed 81740K, reserved 1120256K
  class space    used 10437K, capacity 11261K, committed 11340K, reserved 1048576K
}
Event: 13.910 GC heap before
{Heap before GC invocations=11 (full 0):
 garbage-first heap   total 260096K, used 220283K [0x0000000080000000, 0x0000000100000000)
  region size 1024K, 143 young (146432K), 10 survivors (10240K)
 Metaspace       used 86578K, capacity 88996K, committed 89164K, reserved 1126400K
  class space    used 11149K, capacity 12046K, committed 12108K, reserved 1048576K
}
Event: 13.916 GC heap after
{Heap after GC invocations=12 (full 0):
 garbage-first heap   total 260096K, used 67150K [0x0000000080000000, 0x0000000100000000)
  region size 1024K, 13 young (13312K), 13 survivors (13312K)
 Metaspace       used 86578K, capacity 88996K, committed 89164K, reserved 1126400K
  class space    used 11149K, capacity 12046K, committed 12108K, reserved 1048576K
}
Event: 15.922 GC heap before
{Heap before GC invocations=12 (full 0):
 garbage-first heap   total 260096K, used 204366K [0x0000000080000000, 0x0000000100000000)
  region size 1024K, 148 young (151552K), 13 survivors (13312K)
 Metaspace       used 95351K, capacity 97780K, committed 97996K, reserved 1134592K
  class space    used 12062K, capacity 12954K, committed 13004K, reserved 1048576K
}
Event: 15.930 GC heap after
{Heap after GC invocations=13 (full 0):
 garbage-first heap   total 260096K, used 70556K [0x0000000080000000, 0x0000000100000000)
  region size 1024K, 7 young (7168K), 7 survivors (7168K)
 Metaspace       used 95351K, capacity 97780K, committed 97996K, reserved 1134592K
  class space    used 12062K, capacity 12954K, committed 13004K, reserved 1048576K
}
Event: 20.092 GC heap before
{Heap before GC invocations=13 (full 0):
 garbage-first heap   total 260096K, used 208796K [0x0000000080000000, 0x0000000100000000)
  region size 1024K, 143 young (146432K), 7 survivors (7168K)
 Metaspace       used 97221K, capacity 99636K, committed 99660K, reserved 1136640K
  class space    used 12232K, capacity 13120K, committed 13132K, reserved 1048576K
}
Event: 20.100 GC heap after
{Heap after GC invocations=14 (full 0):
 garbage-first heap   total 260096K, used 80796K [0x0000000080000000, 0x0000000100000000)
  region size 1024K, 17 young (17408K), 17 survivors (17408K)
 Metaspace       used 97221K, capacity 99636K, committed 99660K, reserved 1136640K
  class space    used 12232K, capacity 13120K, committed 13132K, reserved 1048576K
}

